<?xml version="1.0" encoding="UTF-8"?>
<!-- Generated by org.testng.reporters.JUnitXMLReporter -->
<testsuite ignored="0" hostname="MacbookAir" failures="0" tests="3" name="Default test" time="2.623" errors="0" timestamp="2022-10-30T18:52:13 EDT">
  <testcase classname="com.abc.testcases.LoginTest" name="logintest" time="0.665"/>
  <testcase classname="com.abc.testcases.LoginTest" name="logintest" time="1.343"/>
  <testcase classname="com.abc.testcases.LoginTest" name="logintest" time="0.551"/>
</testsuite> <!-- Default test -->
