<?xml version="1.0" encoding="UTF-8"?>
<!-- Generated by org.testng.reporters.JUnitXMLReporter -->
<testsuite ignored="0" hostname="MacbookAir" failures="0" tests="3" name="Default test" time="4.435" errors="0" timestamp="2022-10-25T20:14:54 EDT">
  <testcase classname="com.abc.testcases.DataDriventest" name="ddt" time="0.748"/>
  <testcase classname="com.abc.testcases.DataDriventest" name="ddt" time="1.861"/>
  <testcase classname="com.abc.testcases.DataDriventest" name="ddt" time="0.539"/>
</testsuite> <!-- Default test -->
