<?xml version="1.0" encoding="UTF-8"?>
<!-- Generated by org.testng.reporters.JUnitXMLReporter -->
<testsuite ignored="0" hostname="MacbookAir" failures="0" tests="3" name="Test" time="3.404" errors="0" timestamp="2022-10-30T20:50:37 EDT">
  <testcase classname="com.abc.testcases.LoginTest" name="logintest" time="1.339"/>
  <testcase classname="com.abc.testcases.LoginTest" name="logintest" time="1.322"/>
  <testcase classname="com.abc.testcases.LoginTest" name="logintest" time="0.667"/>
</testsuite> <!-- Test -->
