<?xml version="1.0" encoding="UTF-8"?>
<!-- Generated by org.testng.reporters.JUnitXMLReporter -->
<testsuite ignored="0" hostname="MacbookAir" failures="0" tests="3" name="Test" time="2.849" errors="0" timestamp="2022-10-30T18:55:43 EDT">
  <testcase classname="com.abc.testcases.LoginTest" name="logintest" time="0.819"/>
  <testcase classname="com.abc.testcases.LoginTest" name="logintest" time="1.437"/>
  <testcase classname="com.abc.testcases.LoginTest" name="logintest" time="0.541"/>
</testsuite> <!-- Test -->
