<?xml version="1.0" encoding="UTF-8"?>
<!-- Generated by org.testng.reporters.JUnitXMLReporter -->
<testsuite ignored="0" hostname="MacbookAir" failures="0" tests="3" name="Test" time="3.207" errors="0" timestamp="2022-10-30T21:48:02 EDT">
  <testcase classname="com.abc.testcases.LoginTest" name="logintest" time="1.204"/>
  <testcase classname="com.abc.testcases.LoginTest" name="logintest" time="1.297"/>
  <testcase classname="com.abc.testcases.LoginTest" name="logintest" time="0.605"/>
</testsuite> <!-- Test -->
