<?xml version="1.0" encoding="UTF-8"?>
<testng-results ignored="0" total="3" passed="3" failed="0" skipped="0">
  <reporter-output>
  </reporter-output>
  <suite started-at="2022-11-01T21:32:21 EDT" name="Suite" finished-at="2022-11-01T21:32:24 EDT" duration-ms="3221">
    <groups>
    </groups>
    <test started-at="2022-11-01T21:32:21 EDT" name="Test" finished-at="2022-11-01T21:32:24 EDT" duration-ms="3221">
      <class name="com.abc.testcases.LoginTest">
        <test-method is-config="true" signature="setup(java.lang.String)[pri:0, instance:com.abc.testcases.LoginTest@49dc7102]" started-at="2022-11-01T21:32:07 EDT" name="setup" finished-at="2022-11-01T21:32:21 EDT" duration-ms="13798" status="PASS">
          <params>
            <param index="0">
              <value>
                <![CDATA[chrome]]>
              </value>
            </param>
          </params>
          <reporter-output>
          </reporter-output>
        </test-method> <!-- setup -->
        <test-method signature="logintest(java.lang.String,java.lang.String)[pri:0, instance:com.abc.testcases.LoginTest@49dc7102]" started-at="2022-11-01T21:32:21 EDT" name="logintest" data-provider="logindata" finished-at="2022-11-01T21:32:22 EDT" duration-ms="1106" status="PASS">
          <params>
            <param index="0">
              <value>
                <![CDATA[abcd@yahoo]]>
              </value>
            </param>
            <param index="1">
              <value>
                <![CDATA[pqrse!234]]>
              </value>
            </param>
          </params>
          <reporter-output>
          </reporter-output>
        </test-method> <!-- logintest -->
        <test-method signature="logintest(java.lang.String,java.lang.String)[pri:0, instance:com.abc.testcases.LoginTest@49dc7102]" started-at="2022-11-01T21:32:22 EDT" name="logintest" data-provider="logindata" finished-at="2022-11-01T21:32:23 EDT" duration-ms="1499" status="PASS">
          <params>
            <param index="0">
              <value>
                <![CDATA[abfggmail.com]]>
              </value>
            </param>
            <param index="1">
              <value>
                <![CDATA[xyzrt!234]]>
              </value>
            </param>
          </params>
          <reporter-output>
          </reporter-output>
        </test-method> <!-- logintest -->
        <test-method signature="logintest(java.lang.String,java.lang.String)[pri:0, instance:com.abc.testcases.LoginTest@49dc7102]" started-at="2022-11-01T21:32:23 EDT" name="logintest" data-provider="logindata" finished-at="2022-11-01T21:32:24 EDT" duration-ms="562" status="PASS">
          <params>
            <param index="0">
              <value>
                <![CDATA[efgh@icloud.com]]>
              </value>
            </param>
            <param index="1">
              <value>
                <![CDATA[uopiy!234]]>
              </value>
            </param>
          </params>
          <reporter-output>
          </reporter-output>
        </test-method> <!-- logintest -->
        <test-method is-config="true" signature="tearDown()[pri:0, instance:com.abc.testcases.LoginTest@49dc7102]" started-at="2022-11-01T21:32:24 EDT" name="tearDown" finished-at="2022-11-01T21:32:24 EDT" duration-ms="181" status="PASS">
          <reporter-output>
          </reporter-output>
        </test-method> <!-- tearDown -->
      </class> <!-- com.abc.testcases.LoginTest -->
    </test> <!-- Test -->
  </suite> <!-- Suite -->
</testng-results>
