<?xml version="1.0" encoding="UTF-8"?>
<testsuite xmlns:xsi="http://www.w3.org/2001/XMLSchema-instance" xsi:noNamespaceSchemaLocation="https://maven.apache.org/surefire/maven-surefire-plugin/xsd/surefire-test-report-3.0.xsd" version="3.0" name="TestSuite" time="15.316" tests="3" errors="0" skipped="0" failures="0">
  <properties>
[...]
</properties>
  <testcase name="logintest[abcd@yahoo, pqrse!234](1)" classname="com.abc.testcases.LoginTest" time="1.86">
    <system-out><![CDATA[[INFO ] 2022-10-30 21:19:11.542 [main] Log - launching chrome
[INFO ] 2022-10-30 21:19:16.659 [main] Log - https://www.facebook.com
[INFO ] 2022-10-30 21:19:17.313 [main] Log - abcd@yahoo
[INFO ] 2022-10-30 21:19:17.553 [main] Log - pqrse!234
[INFO ] 2022-10-30 21:19:18.780 [main] Log - page got refreshed
[INFO ] 2022-10-30 21:19:18.781 [main] Log - abcd@yahoo  pqrse!234
]]></system-out>
    <system-err><![CDATA[SLF4J: Failed to load class "org.slf4j.impl.StaticLoggerBinder".
SLF4J: Defaulting to no-operation (NOP) logger implementation
SLF4J: See http://www.slf4j.org/codes.html#StaticLoggerBinder for further details.
Starting ChromeDriver 106.0.5249.61 (511755355844955cd3e264779baf0dd38212a4d0-refs/branch-heads/5249@{#569}) on port 56689
Only local connections are allowed.
Please see https://chromedriver.chromium.org/security-considerations for suggestions on keeping ChromeDriver safe.
ChromeDriver was started successfully.
Oct 30, 2022 9:19:11 PM org.openqa.selenium.remote.ProtocolHandshake createSession
INFO: Detected upstream dialect: W3C
Oct 30, 2022 9:19:11 PM org.openqa.selenium.devtools.CdpVersionFinder findNearestMatch
INFO: Found exact CDP implementation for version 106
]]></system-err>
  </testcase>
  <testcase name="logintest[abfggmail.com, xyzrt!234](2)" classname="com.abc.testcases.LoginTest" time="0.134">
    <system-out><![CDATA[[INFO ] 2022-10-30 21:19:18.846 [main] Log - abfggmail.com
[INFO ] 2022-10-30 21:19:18.922 [main] Log - xyzrt!234
[INFO ] 2022-10-30 21:19:18.932 [main] Log - page got refreshed
[INFO ] 2022-10-30 21:19:18.932 [main] Log - abfggmail.com  xyzrt!234
]]></system-out>
  </testcase>
  <testcase name="logintest[efgh@icloud.com, uopiy!234](3)" classname="com.abc.testcases.LoginTest" time="0.573">
    <system-out><![CDATA[[INFO ] 2022-10-30 21:19:19.417 [main] Log - efgh@icloud.com
[INFO ] 2022-10-30 21:19:19.490 [main] Log - uopiy!234
[INFO ] 2022-10-30 21:19:19.505 [main] Log - page got refreshed
[INFO ] 2022-10-30 21:19:19.506 [main] Log - efgh@icloud.com  uopiy!234
]]></system-out>
  </testcase>
</testsuite>