<?xml version="1.0" encoding="UTF-8"?>
<testng-results ignored="0" total="3" passed="3" failed="0" skipped="0">
  <reporter-output>
  </reporter-output>
  <suite started-at="2022-10-30T18:52:10 EDT" name="Default suite" finished-at="2022-10-30T18:52:13 EDT" duration-ms="2623">
    <groups>
    </groups>
    <test started-at="2022-10-30T18:52:10 EDT" name="Default test" finished-at="2022-10-30T18:52:13 EDT" duration-ms="2623">
      <class name="com.abc.testcases.LoginTest">
        <test-method is-config="true" signature="setup(java.lang.String)[pri:0, instance:com.abc.testcases.LoginTest@d737b89]" started-at="2022-10-30T18:51:57 EDT" name="setup" finished-at="2022-10-30T18:52:10 EDT" duration-ms="12456" status="PASS">
          <params>
            <param index="0">
              <value>
                <![CDATA[chrome]]>
              </value>
            </param>
          </params>
          <reporter-output>
          </reporter-output>
        </test-method> <!-- setup -->
        <test-method signature="logintest(java.lang.String,java.lang.String)[pri:0, instance:com.abc.testcases.LoginTest@d737b89]" started-at="2022-10-30T18:52:10 EDT" name="logintest" data-provider="logindata" finished-at="2022-10-30T18:52:11 EDT" duration-ms="665" status="PASS">
          <params>
            <param index="0">
              <value>
                <![CDATA[abcd@yahoo]]>
              </value>
            </param>
            <param index="1">
              <value>
                <![CDATA[pqrse!234]]>
              </value>
            </param>
          </params>
          <reporter-output>
          </reporter-output>
        </test-method> <!-- logintest -->
        <test-method signature="logintest(java.lang.String,java.lang.String)[pri:0, instance:com.abc.testcases.LoginTest@d737b89]" started-at="2022-10-30T18:52:11 EDT" name="logintest" data-provider="logindata" finished-at="2022-10-30T18:52:12 EDT" duration-ms="1343" status="PASS">
          <params>
            <param index="0">
              <value>
                <![CDATA[abfggmail.com]]>
              </value>
            </param>
            <param index="1">
              <value>
                <![CDATA[xyzrt!234]]>
              </value>
            </param>
          </params>
          <reporter-output>
          </reporter-output>
        </test-method> <!-- logintest -->
        <test-method signature="logintest(java.lang.String,java.lang.String)[pri:0, instance:com.abc.testcases.LoginTest@d737b89]" started-at="2022-10-30T18:52:12 EDT" name="logintest" data-provider="logindata" finished-at="2022-10-30T18:52:13 EDT" duration-ms="551" status="PASS">
          <params>
            <param index="0">
              <value>
                <![CDATA[efgh@icloud.com]]>
              </value>
            </param>
            <param index="1">
              <value>
                <![CDATA[uopiy!234]]>
              </value>
            </param>
          </params>
          <reporter-output>
          </reporter-output>
        </test-method> <!-- logintest -->
        <test-method is-config="true" signature="tearDown()[pri:0, instance:com.abc.testcases.LoginTest@d737b89]" started-at="2022-10-30T18:52:13 EDT" name="tearDown" finished-at="2022-10-30T18:52:13 EDT" duration-ms="118" status="PASS">
          <reporter-output>
          </reporter-output>
        </test-method> <!-- tearDown -->
      </class> <!-- com.abc.testcases.LoginTest -->
    </test> <!-- Default test -->
  </suite> <!-- Default suite -->
</testng-results>
