<?xml version="1.0" encoding="UTF-8"?>
<testng-results ignored="0" total="1" passed="1" failed="0" skipped="0">
  <reporter-output>
  </reporter-output>
  <suite started-at="2022-10-31T20:09:25 EDT" name="Default suite" finished-at="2022-10-31T20:09:26 EDT" duration-ms="1176">
    <groups>
    </groups>
    <test started-at="2022-10-31T20:09:25 EDT" name="Default test" finished-at="2022-10-31T20:09:26 EDT" duration-ms="1176">
      <class name="com.abc.util.DbConnection">
        <test-method is-config="true" signature="setup(java.lang.String)[pri:0, instance:com.abc.util.DbConnection@196a42c3]" started-at="2022-10-31T20:09:07 EDT" name="setup" finished-at="2022-10-31T20:09:25 EDT" duration-ms="17511" status="PASS">
          <params>
            <param index="0">
              <value>
                <![CDATA[chrome]]>
              </value>
            </param>
          </params>
          <reporter-output>
          </reporter-output>
        </test-method> <!-- setup -->
        <test-method signature="dbConnection()[pri:0, instance:com.abc.util.DbConnection@196a42c3]" started-at="2022-10-31T20:09:25 EDT" name="dbConnection" finished-at="2022-10-31T20:09:26 EDT" duration-ms="1110" status="PASS">
          <reporter-output>
          </reporter-output>
        </test-method> <!-- dbConnection -->
        <test-method is-config="true" signature="tearDown()[pri:0, instance:com.abc.util.DbConnection@196a42c3]" started-at="2022-10-31T20:09:26 EDT" name="tearDown" finished-at="2022-10-31T20:09:26 EDT" duration-ms="119" status="PASS">
          <reporter-output>
          </reporter-output>
        </test-method> <!-- tearDown -->
      </class> <!-- com.abc.util.DbConnection -->
    </test> <!-- Default test -->
  </suite> <!-- Default suite -->
</testng-results>
